<?xml version="1.0" encoding="UTF-8"?>
<testsuite xmlns:xsi="http://www.w3.org/2001/XMLSchema-instance" xsi:noNamespaceSchemaLocation="https://maven.apache.org/surefire/maven-surefire-plugin/xsd/surefire-test-report.xsd" name="com.example.actviemq.demo.DemoApplicationTests" time="0.849" tests="1" errors="0" skipped="0" failures="0">
  <properties>
    <property name="sun.desktop" value="windows"/>
    <property name="awt.toolkit" value="sun.awt.windows.WToolkit"/>
    <property name="file.encoding.pkg" value="sun.io"/>
    <property name="java.specification.version" value="1.8"/>
    <property name="sun.cpu.isalist" value="amd64"/>
    <property name="sun.jnu.encoding" value="GBK"/>
    <property name="java.class.path" value="D:\work_environment\activemq\target\test-classes;D:\work_environment\activemq\target\classes;D:\work_soft\mavenLib\org\springframework\boot\spring-boot-starter\2.2.7.RELEASE\spring-boot-starter-2.2.7.RELEASE.jar;D:\work_soft\mavenLib\org\springframework\boot\spring-boot\2.2.7.RELEASE\spring-boot-2.2.7.RELEASE.jar;D:\work_soft\mavenLib\org\springframework\spring-context\5.2.6.RELEASE\spring-context-5.2.6.RELEASE.jar;D:\work_soft\mavenLib\org\springframework\spring-aop\5.2.6.RELEASE\spring-aop-5.2.6.RELEASE.jar;D:\work_soft\mavenLib\org\springframework\spring-beans\5.2.6.RELEASE\spring-beans-5.2.6.RELEASE.jar;D:\work_soft\mavenLib\org\springframework\spring-expression\5.2.6.RELEASE\spring-expression-5.2.6.RELEASE.jar;D:\work_soft\mavenLib\org\springframework\boot\spring-boot-autoconfigure\2.2.7.RELEASE\spring-boot-autoconfigure-2.2.7.RELEASE.jar;D:\work_soft\mavenLib\org\springframework\boot\spring-boot-starter-logging\2.2.7.RELEASE\spring-boot-starter-logging-2.2.7.RELEASE.jar;D:\work_soft\mavenLib\ch\qos\logback\logback-classic\1.2.3\logback-classic-1.2.3.jar;D:\work_soft\mavenLib\ch\qos\logback\logback-core\1.2.3\logback-core-1.2.3.jar;D:\work_soft\mavenLib\org\apache\logging\log4j\log4j-to-slf4j\2.12.1\log4j-to-slf4j-2.12.1.jar;D:\work_soft\mavenLib\org\apache\logging\log4j\log4j-api\2.12.1\log4j-api-2.12.1.jar;D:\work_soft\mavenLib\org\slf4j\jul-to-slf4j\1.7.30\jul-to-slf4j-1.7.30.jar;D:\work_soft\mavenLib\jakarta\annotation\jakarta.annotation-api\1.3.5\jakarta.annotation-api-1.3.5.jar;D:\work_soft\mavenLib\org\springframework\spring-core\5.2.6.RELEASE\spring-core-5.2.6.RELEASE.jar;D:\work_soft\mavenLib\org\springframework\spring-jcl\5.2.6.RELEASE\spring-jcl-5.2.6.RELEASE.jar;D:\work_soft\mavenLib\org\yaml\snakeyaml\1.25\snakeyaml-1.25.jar;D:\work_soft\mavenLib\org\springframework\boot\spring-boot-starter-test\2.2.7.RELEASE\spring-boot-starter-test-2.2.7.RELEASE.jar;D:\work_soft\mavenLib\org\springframework\boot\spring-boot-test\2.2.7.RELEASE\spring-boot-test-2.2.7.RELEASE.jar;D:\work_soft\mavenLib\org\springframework\boot\spring-boot-test-autoconfigure\2.2.7.RELEASE\spring-boot-test-autoconfigure-2.2.7.RELEASE.jar;D:\work_soft\mavenLib\com\jayway\jsonpath\json-path\2.4.0\json-path-2.4.0.jar;D:\work_soft\mavenLib\net\minidev\json-smart\2.3\json-smart-2.3.jar;D:\work_soft\mavenLib\net\minidev\accessors-smart\1.2\accessors-smart-1.2.jar;D:\work_soft\mavenLib\org\ow2\asm\asm\5.0.4\asm-5.0.4.jar;D:\work_soft\mavenLib\org\slf4j\slf4j-api\1.7.30\slf4j-api-1.7.30.jar;D:\work_soft\mavenLib\jakarta\xml\bind\jakarta.xml.bind-api\2.3.3\jakarta.xml.bind-api-2.3.3.jar;D:\work_soft\mavenLib\jakarta\activation\jakarta.activation-api\1.2.2\jakarta.activation-api-1.2.2.jar;D:\work_soft\mavenLib\org\junit\jupiter\junit-jupiter\5.5.2\junit-jupiter-5.5.2.jar;D:\work_soft\mavenLib\org\junit\jupiter\junit-jupiter-api\5.5.2\junit-jupiter-api-5.5.2.jar;D:\work_soft\mavenLib\org\apiguardian\apiguardian-api\1.1.0\apiguardian-api-1.1.0.jar;D:\work_soft\mavenLib\org\opentest4j\opentest4j\1.2.0\opentest4j-1.2.0.jar;D:\work_soft\mavenLib\org\junit\platform\junit-platform-commons\1.5.2\junit-platform-commons-1.5.2.jar;D:\work_soft\mavenLib\org\junit\jupiter\junit-jupiter-params\5.5.2\junit-jupiter-params-5.5.2.jar;D:\work_soft\mavenLib\org\junit\jupiter\junit-jupiter-engine\5.5.2\junit-jupiter-engine-5.5.2.jar;D:\work_soft\mavenLib\org\junit\platform\junit-platform-engine\1.5.2\junit-platform-engine-1.5.2.jar;D:\work_soft\mavenLib\org\mockito\mockito-junit-jupiter\3.1.0\mockito-junit-jupiter-3.1.0.jar;D:\work_soft\mavenLib\org\assertj\assertj-core\3.13.2\assertj-core-3.13.2.jar;D:\work_soft\mavenLib\org\hamcrest\hamcrest\2.1\hamcrest-2.1.jar;D:\work_soft\mavenLib\org\mockito\mockito-core\3.1.0\mockito-core-3.1.0.jar;D:\work_soft\mavenLib\net\bytebuddy\byte-buddy\1.10.10\byte-buddy-1.10.10.jar;D:\work_soft\mavenLib\net\bytebuddy\byte-buddy-agent\1.10.10\byte-buddy-agent-1.10.10.jar;D:\work_soft\mavenLib\org\objenesis\objenesis\2.6\objenesis-2.6.jar;D:\work_soft\mavenLib\org\skyscreamer\jsonassert\1.5.0\jsonassert-1.5.0.jar;D:\work_soft\mavenLib\com\vaadin\external\google\android-json\0.0.20131108.vaadin1\android-json-0.0.20131108.vaadin1.jar;D:\work_soft\mavenLib\org\springframework\spring-test\5.2.6.RELEASE\spring-test-5.2.6.RELEASE.jar;D:\work_soft\mavenLib\org\xmlunit\xmlunit-core\2.6.4\xmlunit-core-2.6.4.jar;"/>
    <property name="java.vm.vendor" value="Oracle Corporation"/>
    <property name="sun.arch.data.model" value="64"/>
    <property name="user.variant" value=""/>
    <property name="java.vendor.url" value="http://java.oracle.com/"/>
    <property name="user.timezone" value="Asia/Shanghai"/>
    <property name="java.vm.specification.version" value="1.8"/>
    <property name="os.name" value="Windows 10"/>
    <property name="user.country" value="CN"/>
    <property name="sun.java.launcher" value="SUN_STANDARD"/>
    <property name="sun.boot.library.path" value="C:\Program Files\Java\jdk1.8.0_152\jre\bin"/>
    <property name="sun.java.command" value="C:\Users\ADMINI~1\AppData\Local\Temp\surefire5257763459038533858\surefirebooter766853136037777301.jar C:\Users\Administrator\AppData\Local\Temp\surefire5257763459038533858 2020-05-14T12-47-43_832-jvmRun1 surefire2035473503423695035tmp surefire_06993857549735812246tmp"/>
    <property name="surefire.test.class.path" value="D:\work_environment\activemq\target\test-classes;D:\work_environment\activemq\target\classes;D:\work_soft\mavenLib\org\springframework\boot\spring-boot-starter\2.2.7.RELEASE\spring-boot-starter-2.2.7.RELEASE.jar;D:\work_soft\mavenLib\org\springframework\boot\spring-boot\2.2.7.RELEASE\spring-boot-2.2.7.RELEASE.jar;D:\work_soft\mavenLib\org\springframework\spring-context\5.2.6.RELEASE\spring-context-5.2.6.RELEASE.jar;D:\work_soft\mavenLib\org\springframework\spring-aop\5.2.6.RELEASE\spring-aop-5.2.6.RELEASE.jar;D:\work_soft\mavenLib\org\springframework\spring-beans\5.2.6.RELEASE\spring-beans-5.2.6.RELEASE.jar;D:\work_soft\mavenLib\org\springframework\spring-expression\5.2.6.RELEASE\spring-expression-5.2.6.RELEASE.jar;D:\work_soft\mavenLib\org\springframework\boot\spring-boot-autoconfigure\2.2.7.RELEASE\spring-boot-autoconfigure-2.2.7.RELEASE.jar;D:\work_soft\mavenLib\org\springframework\boot\spring-boot-starter-logging\2.2.7.RELEASE\spring-boot-starter-logging-2.2.7.RELEASE.jar;D:\work_soft\mavenLib\ch\qos\logback\logback-classic\1.2.3\logback-classic-1.2.3.jar;D:\work_soft\mavenLib\ch\qos\logback\logback-core\1.2.3\logback-core-1.2.3.jar;D:\work_soft\mavenLib\org\apache\logging\log4j\log4j-to-slf4j\2.12.1\log4j-to-slf4j-2.12.1.jar;D:\work_soft\mavenLib\org\apache\logging\log4j\log4j-api\2.12.1\log4j-api-2.12.1.jar;D:\work_soft\mavenLib\org\slf4j\jul-to-slf4j\1.7.30\jul-to-slf4j-1.7.30.jar;D:\work_soft\mavenLib\jakarta\annotation\jakarta.annotation-api\1.3.5\jakarta.annotation-api-1.3.5.jar;D:\work_soft\mavenLib\org\springframework\spring-core\5.2.6.RELEASE\spring-core-5.2.6.RELEASE.jar;D:\work_soft\mavenLib\org\springframework\spring-jcl\5.2.6.RELEASE\spring-jcl-5.2.6.RELEASE.jar;D:\work_soft\mavenLib\org\yaml\snakeyaml\1.25\snakeyaml-1.25.jar;D:\work_soft\mavenLib\org\springframework\boot\spring-boot-starter-test\2.2.7.RELEASE\spring-boot-starter-test-2.2.7.RELEASE.jar;D:\work_soft\mavenLib\org\springframework\boot\spring-boot-test\2.2.7.RELEASE\spring-boot-test-2.2.7.RELEASE.jar;D:\work_soft\mavenLib\org\springframework\boot\spring-boot-test-autoconfigure\2.2.7.RELEASE\spring-boot-test-autoconfigure-2.2.7.RELEASE.jar;D:\work_soft\mavenLib\com\jayway\jsonpath\json-path\2.4.0\json-path-2.4.0.jar;D:\work_soft\mavenLib\net\minidev\json-smart\2.3\json-smart-2.3.jar;D:\work_soft\mavenLib\net\minidev\accessors-smart\1.2\accessors-smart-1.2.jar;D:\work_soft\mavenLib\org\ow2\asm\asm\5.0.4\asm-5.0.4.jar;D:\work_soft\mavenLib\org\slf4j\slf4j-api\1.7.30\slf4j-api-1.7.30.jar;D:\work_soft\mavenLib\jakarta\xml\bind\jakarta.xml.bind-api\2.3.3\jakarta.xml.bind-api-2.3.3.jar;D:\work_soft\mavenLib\jakarta\activation\jakarta.activation-api\1.2.2\jakarta.activation-api-1.2.2.jar;D:\work_soft\mavenLib\org\junit\jupiter\junit-jupiter\5.5.2\junit-jupiter-5.5.2.jar;D:\work_soft\mavenLib\org\junit\jupiter\junit-jupiter-api\5.5.2\junit-jupiter-api-5.5.2.jar;D:\work_soft\mavenLib\org\apiguardian\apiguardian-api\1.1.0\apiguardian-api-1.1.0.jar;D:\work_soft\mavenLib\org\opentest4j\opentest4j\1.2.0\opentest4j-1.2.0.jar;D:\work_soft\mavenLib\org\junit\platform\junit-platform-commons\1.5.2\junit-platform-commons-1.5.2.jar;D:\work_soft\mavenLib\org\junit\jupiter\junit-jupiter-params\5.5.2\junit-jupiter-params-5.5.2.jar;D:\work_soft\mavenLib\org\junit\jupiter\junit-jupiter-engine\5.5.2\junit-jupiter-engine-5.5.2.jar;D:\work_soft\mavenLib\org\junit\platform\junit-platform-engine\1.5.2\junit-platform-engine-1.5.2.jar;D:\work_soft\mavenLib\org\mockito\mockito-junit-jupiter\3.1.0\mockito-junit-jupiter-3.1.0.jar;D:\work_soft\mavenLib\org\assertj\assertj-core\3.13.2\assertj-core-3.13.2.jar;D:\work_soft\mavenLib\org\hamcrest\hamcrest\2.1\hamcrest-2.1.jar;D:\work_soft\mavenLib\org\mockito\mockito-core\3.1.0\mockito-core-3.1.0.jar;D:\work_soft\mavenLib\net\bytebuddy\byte-buddy\1.10.10\byte-buddy-1.10.10.jar;D:\work_soft\mavenLib\net\bytebuddy\byte-buddy-agent\1.10.10\byte-buddy-agent-1.10.10.jar;D:\work_soft\mavenLib\org\objenesis\objenesis\2.6\objenesis-2.6.jar;D:\work_soft\mavenLib\org\skyscreamer\jsonassert\1.5.0\jsonassert-1.5.0.jar;D:\work_soft\mavenLib\com\vaadin\external\google\android-json\0.0.20131108.vaadin1\android-json-0.0.20131108.vaadin1.jar;D:\work_soft\mavenLib\org\springframework\spring-test\5.2.6.RELEASE\spring-test-5.2.6.RELEASE.jar;D:\work_soft\mavenLib\org\xmlunit\xmlunit-core\2.6.4\xmlunit-core-2.6.4.jar;"/>
    <property name="sun.cpu.endian" value="little"/>
    <property name="user.home" value="C:\Users\Administrator"/>
    <property name="user.language" value="zh"/>
    <property name="java.specification.vendor" value="Oracle Corporation"/>
    <property name="java.home" value="C:\Program Files\Java\jdk1.8.0_152\jre"/>
    <property name="basedir" value="D:\work_environment\activemq"/>
    <property name="file.separator" value="\"/>
    <property name="line.separator" value="&#10;"/>
    <property name="java.vm.specification.vendor" value="Oracle Corporation"/>
    <property name="java.specification.name" value="Java Platform API Specification"/>
    <property name="java.awt.graphicsenv" value="sun.awt.Win32GraphicsEnvironment"/>
    <property name="surefire.real.class.path" value="C:\Users\ADMINI~1\AppData\Local\Temp\surefire5257763459038533858\surefirebooter766853136037777301.jar"/>
    <property name="sun.boot.class.path" value="C:\Program Files\Java\jdk1.8.0_152\jre\lib\resources.jar;C:\Program Files\Java\jdk1.8.0_152\jre\lib\rt.jar;C:\Program Files\Java\jdk1.8.0_152\jre\lib\sunrsasign.jar;C:\Program Files\Java\jdk1.8.0_152\jre\lib\jsse.jar;C:\Program Files\Java\jdk1.8.0_152\jre\lib\jce.jar;C:\Program Files\Java\jdk1.8.0_152\jre\lib\charsets.jar;C:\Program Files\Java\jdk1.8.0_152\jre\lib\jfr.jar;C:\Program Files\Java\jdk1.8.0_152\jre\classes"/>
    <property name="user.script" value=""/>
    <property name="sun.management.compiler" value="HotSpot 64-Bit Tiered Compilers"/>
    <property name="java.runtime.version" value="1.8.0_152-b16"/>
    <property name="user.name" value="Administrator"/>
    <property name="path.separator" value=";"/>
    <property name="os.version" value="10.0"/>
    <property name="java.endorsed.dirs" value="C:\Program Files\Java\jdk1.8.0_152\jre\lib\endorsed"/>
    <property name="java.runtime.name" value="Java(TM) SE Runtime Environment"/>
    <property name="file.encoding" value="GBK"/>
    <property name="java.vm.name" value="Java HotSpot(TM) 64-Bit Server VM"/>
    <property name="localRepository" value="D:\work_soft\mavenLib"/>
    <property name="java.vendor.url.bug" value="http://bugreport.sun.com/bugreport/"/>
    <property name="java.io.tmpdir" value="C:\Users\ADMINI~1\AppData\Local\Temp\"/>
    <property name="java.version" value="1.8.0_152"/>
    <property name="user.dir" value="D:\work_environment\activemq"/>
    <property name="os.arch" value="amd64"/>
    <property name="java.vm.specification.name" value="Java Virtual Machine Specification"/>
    <property name="java.awt.printerjob" value="sun.awt.windows.WPrinterJob"/>
    <property name="idea.version2019.3.1" value="true"/>
    <property name="sun.os.patch.level" value=""/>
    <property name="java.library.path" value="C:\Program Files\Java\jdk1.8.0_152\jre\bin;C:\WINDOWS\Sun\Java\bin;C:\WINDOWS\system32;C:\WINDOWS;C:\Program Files\Java\jdk1.8.0_152\bin;C:\ProgramData\Oracle\Java\javapath;C:\WINDOWS\system32;C:\WINDOWS;C:\WINDOWS\System32\Wbem;C:\WINDOWS\System32\WindowsPowerShell\v1.0\;C:\WINDOWS\System32\OpenSSH\;D:\work_soft\apache-maven-3.6.3\bin;C:\Users\Administrator\AppData\Local\Microsoft\WindowsApps;;."/>
    <property name="java.vm.info" value="mixed mode"/>
    <property name="java.vendor" value="Oracle Corporation"/>
    <property name="java.vm.version" value="25.152-b16"/>
    <property name="java.ext.dirs" value="C:\Program Files\Java\jdk1.8.0_152\jre\lib\ext;C:\WINDOWS\Sun\Java\lib\ext"/>
    <property name="sun.io.unicode.encoding" value="UnicodeLittle"/>
    <property name="java.class.version" value="52.0"/>
  </properties>
  <testcase name="contextLoads" classname="com.example.actviemq.demo.DemoApplicationTests" time="0.134"/>
</testsuite>